# JRE version: OpenJDK Runtime Environment (21.0.2+13) (build 21.0.2+13-58)
# Java VM: OpenJDK 64-Bit Server VM (21.0.2+13-58, mixed mode, sharing, tiered, compressed oops, compressed class ptrs, g1 gc, windows-amd64)
GC Precious Log:
 CardTable entry size: 512
 Card Set container configuration: InlinePtr #cards 5 size 8 Array Of Cards #cards 12 size 40 Howl #buckets 4 coarsen threshold 1843 Howl Bitmap #cards 512 size 80 coarsen threshold 460 Card regions per heap region 1 cards per card region 2048
 CPUs: 4 total, 4 available
 Memory: 32652M
 Large Page Support: Disabled
 NUMA Support: Disabled
 Compressed Oops: Enabled (32-bit)
 Heap Region Size: 1M
 Heap Min Capacity: 256M
 Heap Initial Capacity: 256M
 Heap Max Capacity: 512M
 Pre-touch: Disabled
 Parallel Workers: 4
 Concurrent Workers: 1
 Concurrent Refinement Workers: 4
 Periodic GC: Disabled
Heap:
 garbage-first heap   total 265216K, used 239466K [0x00000000e0000000, 0x0000000100000000)
  region size 1024K, 108 young (110592K), 1 survivors (1024K)
 Metaspace       used 150560K, committed 153536K, reserved 524288K
  class space    used 19927K, committed 21376K, reserved 327680K
GC Heap History (20 events):
Event: 54.854 GC heap before
{Heap before GC invocations=21 (full 0):
 garbage-first heap   total 264192K, used 201063K [0x00000000e0000000, 0x0000000100000000)
  region size 1024K, 82 young (83968K), 3 survivors (3072K)
 Metaspace       used 139115K, committed 141952K, reserved 458752K
  class space    used 18465K, committed 19840K, reserved 327680K
}
Event: 54.857 GC heap after
{Heap after GC invocations=22 (full 0):
 garbage-first heap   total 264192K, used 121008K [0x00000000e0000000, 0x0000000100000000)
  region size 1024K, 3 young (3072K), 3 survivors (3072K)
 Metaspace       used 139115K, committed 141952K, reserved 458752K
  class space    used 18465K, committed 19840K, reserved 327680K
}
Event: 54.905 GC heap before
{Heap before GC invocations=22 (full 0):
 garbage-first heap   total 264192K, used 122032K [0x00000000e0000000, 0x0000000100000000)
  region size 1024K, 4 young (4096K), 3 survivors (3072K)
 Metaspace       used 139115K, committed 141952K, reserved 458752K
  class space    used 18465K, committed 19840K, reserved 327680K
}
Event: 54.912 GC heap after
{Heap after GC invocations=23 (full 0):
 garbage-first heap   total 264192K, used 122494K [0x00000000e0000000, 0x0000000100000000)
  region size 1024K, 4 young (4096K), 4 survivors (4096K)
 Metaspace       used 139115K, committed 141952K, reserved 458752K
  class space    used 18465K, committed 19840K, reserved 327680K
}
Event: 55.286 GC heap before
{Heap before GC invocations=24 (full 0):
 garbage-first heap   total 264192K, used 214654K [0x00000000e0000000, 0x0000000100000000)
  region size 1024K, 92 young (94208K), 4 survivors (4096K)
 Metaspace       used 139115K, committed 141952K, reserved 458752K
  class space    used 18465K, committed 19840K, reserved 327680K
}
Event: 55.292 GC heap after
{Heap after GC invocations=25 (full 0):
 garbage-first heap   total 264192K, used 125560K [0x00000000e0000000, 0x0000000100000000)
  region size 1024K, 7 young (7168K), 7 survivors (7168K)
 Metaspace       used 139115K, committed 141952K, reserved 458752K
  class space    used 18465K, committed 19840K, reserved 327680K
}
Event: 55.638 GC heap before
{Heap before GC invocations=25 (full 0):
 garbage-first heap   total 264192K, used 219768K [0x00000000e0000000, 0x0000000100000000)
  region size 1024K, 99 young (101376K), 7 survivors (7168K)
 Metaspace       used 139115K, committed 141952K, reserved 458752K
  class space    used 18465K, committed 19840K, reserved 327680K
}
Event: 55.642 GC heap after
{Heap after GC invocations=26 (full 0):
 garbage-first heap   total 264192K, used 118403K [0x00000000e0000000, 0x0000000100000000)
  region size 1024K, 5 young (5120K), 5 survivors (5120K)
 Metaspace       used 139115K, committed 141952K, reserved 458752K
  class space    used 18465K, committed 19840K, reserved 327680K
}
Event: 55.991 GC heap before
{Heap before GC invocations=26 (full 0):
 garbage-first heap   total 264192K, used 222851K [0x00000000e0000000, 0x0000000100000000)
  region size 1024K, 107 young (109568K), 5 survivors (5120K)
 Metaspace       used 139115K, committed 141952K, reserved 458752K
  class space    used 18465K, committed 19840K, reserved 327680K
}
Event: 55.995 GC heap after
{Heap after GC invocations=27 (full 0):
 garbage-first heap   total 264192K, used 116722K [0x00000000e0000000, 0x0000000100000000)
  region size 1024K, 3 young (3072K), 3 survivors (3072K)
 Metaspace       used 139115K, committed 141952K, reserved 458752K
  class space    used 18465K, committed 19840K, reserved 327680K
}
Event: 56.392 GC heap before
{Heap before GC invocations=27 (full 0):
 garbage-first heap   total 264192K, used 228338K [0x00000000e0000000, 0x0000000100000000)
  region size 1024K, 112 young (114688K), 3 survivors (3072K)
 Metaspace       used 139115K, committed 141952K, reserved 458752K
  class space    used 18465K, committed 19840K, reserved 327680K
}
Event: 56.399 GC heap after
{Heap after GC invocations=28 (full 0):
 garbage-first heap   total 264192K, used 116994K [0x00000000e0000000, 0x0000000100000000)
  region size 1024K, 4 young (4096K), 4 survivors (4096K)
 Metaspace       used 139115K, committed 141952K, reserved 458752K
  class space    used 18465K, committed 19840K, reserved 327680K
}
Event: 58.836 GC heap before
{Heap before GC invocations=29 (full 0):
 garbage-first heap   total 265216K, used 232706K [0x00000000e0000000, 0x0000000100000000)
  region size 1024K, 118 young (120832K), 4 survivors (4096K)
 Metaspace       used 141504K, committed 144320K, reserved 458752K
  class space    used 18699K, committed 20096K, reserved 327680K
}
Event: 58.848 GC heap after
{Heap after GC invocations=30 (full 0):
 garbage-first heap   total 265216K, used 124691K [0x00000000e0000000, 0x0000000100000000)
  region size 1024K, 11 young (11264K), 11 survivors (11264K)
 Metaspace       used 141504K, committed 144320K, reserved 458752K
  class space    used 18699K, committed 20096K, reserved 327680K
}
Event: 64.248 GC heap before
{Heap before GC invocations=30 (full 0):
 garbage-first heap   total 265216K, used 235283K [0x00000000e0000000, 0x0000000100000000)
  region size 1024K, 120 young (122880K), 11 survivors (11264K)
 Metaspace       used 150342K, committed 153344K, reserved 524288K
  class space    used 19902K, committed 21376K, reserved 327680K
}
Event: 64.268 GC heap after
{Heap after GC invocations=31 (full 0):
 garbage-first heap   total 265216K, used 130980K [0x00000000e0000000, 0x0000000100000000)
  region size 1024K, 9 young (9216K), 9 survivors (9216K)
 Metaspace       used 150342K, committed 153344K, reserved 524288K
  class space    used 19902K, committed 21376K, reserved 327680K
}
Event: 65.985 GC heap before
{Heap before GC invocations=31 (full 0):
 garbage-first heap   total 265216K, used 236452K [0x00000000e0000000, 0x0000000100000000)
  region size 1024K, 113 young (115712K), 9 survivors (9216K)
 Metaspace       used 150379K, committed 153408K, reserved 524288K
  class space    used 19903K, committed 21376K, reserved 327680K
}
Event: 65.999 GC heap after
{Heap after GC invocations=32 (full 0):
 garbage-first heap   total 265216K, used 131969K [0x00000000e0000000, 0x0000000100000000)
  region size 1024K, 2 young (2048K), 2 survivors (2048K)
 Metaspace       used 150379K, committed 153408K, reserved 524288K
  class space    used 19903K, committed 21376K, reserved 327680K
}
Event: 67.017 GC heap before
{Heap before GC invocations=33 (full 0):
 garbage-first heap   total 265216K, used 240513K [0x00000000e0000000, 0x0000000100000000)
  region size 1024K, 109 young (111616K), 2 survivors (2048K)
 Metaspace       used 150381K, committed 153408K, reserved 524288K
  class space    used 19903K, committed 21376K, reserved 327680K
}
Event: 67.020 GC heap after
{Heap after GC invocations=34 (full 0):
 garbage-first heap   total 265216K, used 130922K [0x00000000e0000000, 0x0000000100000000)
  region size 1024K, 1 young (1024K), 1 survivors (1024K)
 Metaspace       used 150381K, committed 153408K, reserved 524288K
  class space    used 19903K, committed 21376K, reserved 327680K
}

