# JRE version: OpenJDK Runtime Environment (21.0.2+13) (build 21.0.2+13-58)
# Java VM: OpenJDK 64-Bit Server VM (21.0.2+13-58, mixed mode, sharing, tiered, compressed oops, compressed class ptrs, g1 gc, windows-amd64)
GC Precious Log:
 CardTable entry size: 512
 Card Set container configuration: InlinePtr #cards 5 size 8 Array Of Cards #cards 12 size 40 Howl #buckets 4 coarsen threshold 1843 Howl Bitmap #cards 512 size 80 coarsen threshold 460 Card regions per heap region 1 cards per card region 2048
 CPUs: 4 total, 4 available
 Memory: 32652M
 Large Page Support: Disabled
 NUMA Support: Disabled
 Compressed Oops: Enabled (32-bit)
 Heap Region Size: 1M
 Heap Min Capacity: 256M
 Heap Initial Capacity: 256M
 Heap Max Capacity: 512M
 Pre-touch: Disabled
 Parallel Workers: 4
 Concurrent Workers: 1
 Concurrent Refinement Workers: 4
 Periodic GC: Disabled
Heap:
 garbage-first heap   total 262144K, used 180021K [0x00000000e0000000, 0x0000000100000000)
  region size 1024K, 85 young (87040K), 1 survivors (1024K)
 Metaspace       used 86541K, committed 88960K, reserved 458752K
  class space    used 12057K, committed 13248K, reserved 327680K
GC Heap History (20 events):
Event: 18.790 GC heap before
{Heap before GC invocations=9 (full 0):
 garbage-first heap   total 262144K, used 139736K [0x00000000e0000000, 0x0000000100000000)
  region size 1024K, 112 young (114688K), 19 survivors (19456K)
 Metaspace       used 59075K, committed 60928K, reserved 393216K
  class space    used 8422K, committed 9344K, reserved 327680K
}
Event: 18.808 GC heap after
{Heap after GC invocations=10 (full 0):
 garbage-first heap   total 262144K, used 50176K [0x00000000e0000000, 0x0000000100000000)
  region size 1024K, 7 young (7168K), 7 survivors (7168K)
 Metaspace       used 59075K, committed 60928K, reserved 393216K
  class space    used 8422K, committed 9344K, reserved 327680K
}
Event: 19.765 GC heap before
{Heap before GC invocations=10 (full 0):
 garbage-first heap   total 262144K, used 67584K [0x00000000e0000000, 0x0000000100000000)
  region size 1024K, 25 young (25600K), 7 survivors (7168K)
 Metaspace       used 59441K, committed 61248K, reserved 393216K
  class space    used 8450K, committed 9344K, reserved 327680K
}
Event: 19.773 GC heap after
{Heap after GC invocations=11 (full 0):
 garbage-first heap   total 262144K, used 52116K [0x00000000e0000000, 0x0000000100000000)
  region size 1024K, 9 young (9216K), 9 survivors (9216K)
 Metaspace       used 59441K, committed 61248K, reserved 393216K
  class space    used 8450K, committed 9344K, reserved 327680K
}
Event: 22.514 GC heap before
{Heap before GC invocations=12 (full 0):
 garbage-first heap   total 262144K, used 202644K [0x00000000e0000000, 0x0000000100000000)
  region size 1024K, 153 young (156672K), 9 survivors (9216K)
 Metaspace       used 70578K, committed 72640K, reserved 393216K
  class space    used 10062K, committed 11072K, reserved 327680K
}
Event: 22.524 GC heap after
{Heap after GC invocations=13 (full 0):
 garbage-first heap   total 262144K, used 61952K [0x00000000e0000000, 0x0000000100000000)
  region size 1024K, 15 young (15360K), 15 survivors (15360K)
 Metaspace       used 70578K, committed 72640K, reserved 393216K
  class space    used 10062K, committed 11072K, reserved 327680K
}
Event: 27.870 GC heap before
{Heap before GC invocations=13 (full 0):
 garbage-first heap   total 262144K, used 203264K [0x00000000e0000000, 0x0000000100000000)
  region size 1024K, 153 young (156672K), 15 survivors (15360K)
 Metaspace       used 75870K, committed 78208K, reserved 458752K
  class space    used 10804K, committed 11968K, reserved 327680K
}
Event: 27.891 GC heap after
{Heap after GC invocations=14 (full 0):
 garbage-first heap   total 262144K, used 74501K [0x00000000e0000000, 0x0000000100000000)
  region size 1024K, 20 young (20480K), 20 survivors (20480K)
 Metaspace       used 75870K, committed 78208K, reserved 458752K
  class space    used 10804K, committed 11968K, reserved 327680K
}
Event: 32.783 GC heap before
{Heap before GC invocations=14 (full 0):
 garbage-first heap   total 262144K, used 210693K [0x00000000e0000000, 0x0000000100000000)
  region size 1024K, 153 young (156672K), 20 survivors (20480K)
 Metaspace       used 82172K, committed 84544K, reserved 458752K
  class space    used 11574K, committed 12736K, reserved 327680K
}
Event: 32.809 GC heap after
{Heap after GC invocations=15 (full 0):
 garbage-first heap   total 262144K, used 89088K [0x00000000e0000000, 0x0000000100000000)
  region size 1024K, 16 young (16384K), 16 survivors (16384K)
 Metaspace       used 82172K, committed 84544K, reserved 458752K
  class space    used 11574K, committed 12736K, reserved 327680K
}
Event: 38.015 GC heap before
{Heap before GC invocations=15 (full 0):
 garbage-first heap   total 262144K, used 220160K [0x00000000e0000000, 0x0000000100000000)
  region size 1024K, 145 young (148480K), 16 survivors (16384K)
 Metaspace       used 86135K, committed 88576K, reserved 458752K
  class space    used 12043K, committed 13248K, reserved 327680K
}
Event: 38.034 GC heap after
{Heap after GC invocations=16 (full 0):
 garbage-first heap   total 262144K, used 96256K [0x00000000e0000000, 0x0000000100000000)
  region size 1024K, 10 young (10240K), 10 survivors (10240K)
 Metaspace       used 86135K, committed 88576K, reserved 458752K
  class space    used 12043K, committed 13248K, reserved 327680K
}
Event: 38.815 GC heap before
{Heap before GC invocations=16 (full 0):
 garbage-first heap   total 262144K, used 225280K [0x00000000e0000000, 0x0000000100000000)
  region size 1024K, 136 young (139264K), 10 survivors (10240K)
 Metaspace       used 86335K, committed 88768K, reserved 458752K
  class space    used 12051K, committed 13248K, reserved 327680K
}
Event: 38.824 GC heap after
{Heap after GC invocations=17 (full 0):
 garbage-first heap   total 262144K, used 96256K [0x00000000e0000000, 0x0000000100000000)
  region size 1024K, 2 young (2048K), 2 survivors (2048K)
 Metaspace       used 86335K, committed 88768K, reserved 458752K
  class space    used 12051K, committed 13248K, reserved 327680K
}
Event: 39.531 GC heap before
{Heap before GC invocations=17 (full 0):
 garbage-first heap   total 262144K, used 231424K [0x00000000e0000000, 0x0000000100000000)
  region size 1024K, 134 young (137216K), 2 survivors (2048K)
 Metaspace       used 86455K, committed 88832K, reserved 458752K
  class space    used 12057K, committed 13248K, reserved 327680K
}
Event: 39.533 GC heap after
{Heap after GC invocations=18 (full 0):
 garbage-first heap   total 262144K, used 95258K [0x00000000e0000000, 0x0000000100000000)
  region size 1024K, 1 young (1024K), 1 survivors (1024K)
 Metaspace       used 86455K, committed 88832K, reserved 458752K
  class space    used 12057K, committed 13248K, reserved 327680K
}
Event: 39.943 GC heap before
{Heap before GC invocations=18 (full 0):
 garbage-first heap   total 262144K, used 236570K [0x00000000e0000000, 0x0000000100000000)
  region size 1024K, 139 young (142336K), 1 survivors (1024K)
 Metaspace       used 86480K, committed 88896K, reserved 458752K
  class space    used 12057K, committed 13248K, reserved 327680K
}
Event: 39.945 GC heap after
{Heap after GC invocations=19 (full 0):
 garbage-first heap   total 262144K, used 94971K [0x00000000e0000000, 0x0000000100000000)
  region size 1024K, 1 young (1024K), 1 survivors (1024K)
 Metaspace       used 86480K, committed 88896K, reserved 458752K
  class space    used 12057K, committed 13248K, reserved 327680K
}
Event: 40.531 GC heap before
{Heap before GC invocations=19 (full 0):
 garbage-first heap   total 262144K, used 241403K [0x00000000e0000000, 0x0000000100000000)
  region size 1024K, 144 young (147456K), 1 survivors (1024K)
 Metaspace       used 86526K, committed 88896K, reserved 458752K
  class space    used 12057K, committed 13248K, reserved 327680K
}
Event: 40.533 GC heap after
{Heap after GC invocations=20 (full 0):
 garbage-first heap   total 262144K, used 95029K [0x00000000e0000000, 0x0000000100000000)
  region size 1024K, 1 young (1024K), 1 survivors (1024K)
 Metaspace       used 86526K, committed 88896K, reserved 458752K
  class space    used 12057K, committed 13248K, reserved 327680K
}

